src/components/BoostPricingGrid.tsx(2,22): error TS6133: 'Phone' is declared but its value is never read.
src/components/BoostPricingGrid.tsx(2,29): error TS6133: 'Copy' is declared but its value is never read.
src/components/BoostPricingGrid.tsx(2,35): error TS6133: 'Info' is declared but its value is never read.
src/components/BoostPricingGrid.tsx(17,5): error TS6133: 'showInstructions' is declared but its value is never read.
src/components/BoostPricingGrid.tsx(19,11): error TS6133: 'paymentNumber' is declared but its value is never read.
src/components/BoostPricingGrid.tsx(21,11): error TS6133: 'copyToClipboard' is declared but its value is never read.
src/components/BoostPricingGrid.tsx(27,11): error TS6133: 'displayAmount' is declared but its value is never read.
src/components/CurrencySwitcher.tsx(5,1): error TS6133: 'Coins' is declared but its value is never read.
src/pages/admin/AdminPromotionsPage.tsx(11,31): error TS6133: 'format' is declared but its value is never read.
src/pages/CategoryListingPage.tsx(7,43): error TS6133: 'MapPin' is declared but its value is never read.
src/pages/CategoryListingPage.tsx(7,56): error TS6133: 'SlidersHorizontal' is declared but its value is never read.
src/pages/CategoryListingPage.tsx(7,84): error TS6133: 'ShieldCheck' is declared but its value is never read.
src/pages/CategoryListingPage.tsx(10,1): error TS6133: 'Input' is declared but its value is never read.
src/pages/CategoryListingPage.tsx(12,1): error TS6133: 'getAttributesForCategory' is declared but its value is never read.
src/pages/CategoryListingPage.tsx(13,1): error TS6133: 'JIJI_CATEGORIES' is declared but its value is never read.
src/pages/HelpCenterPage.tsx(5,37): error TS6133: 'CreditCard' is declared but its value is never read.
src/pages/HelpCenterPage.tsx(66,11): error TS6133: 'navigate' is declared but its value is never read.
src/pages/LandingPage.tsx(8,60): error TS6133: 'ChevronLeft' is declared but its value is never read.
src/pages/LandingPage.tsx(34,12): error TS6133: 'currentSlide' is declared but its value is never read.
src/pages/LandingPage.tsx(59,11): error TS6133: 'nextSlide' is declared but its value is never read.
src/pages/LandingPage.tsx(60,11): error TS6133: 'prevSlide' is declared but its value is never read.
src/pages/LandingPage.tsx(372,46): error TS2741: Property 'currency' is missing in type '{ key: number; id: string; title: string; price: number; location: string; imageUrl: string; isVerified: boolean | undefined; isPromoted: boolean; isPopular: boolean; rating: number; registrationAge: string; }' but required in type 'ProductCardProps'.
src/pages/MyAdsPage.tsx(21,12): error TS6133: 'boostingListing' is declared but its value is never read.
src/pages/MyAdsPage.tsx(21,29): error TS6133: 'setBoostingListing' is declared but its value is never read.
src/pages/MyAdsPage.tsx(22,12): error TS6133: 'selectedBoost' is declared but its value is never read.
src/pages/MyAdsPage.tsx(22,27): error TS6133: 'setSelectedBoost' is declared but its value is never read.
src/pages/MyAdsPage.tsx(37,11): error TS6133: 'boostPrices' is declared but its value is never read.
src/pages/OverviewDashboard.tsx(2,1): error TS6133: 'DashboardLayout' is declared but its value is never read.
src/pages/WalletPage.tsx(11,5): error TS6133: 'TrendingUp' is declared but its value is never read.
src/pages/WalletPage.tsx(36,11): error TS6133: 'boostPrices' is declared but its value is never read.
