Found 2 duplicate/null phone groups.
Group: None, Count: 3
  Keeping ID: 2
  Reassigning dependencies for ID: 3 to ID: 2
Traceback (most recent call last):
  File "/mnt/c/Users/learn/Desktop/suqafuran/venv/lib/python3.11/site-packages/sqlalchemy/engine/base.py", line 1967, in _exec_single_context
    self.dialect.do_execute(
  File "/mnt/c/Users/learn/Desktop/suqafuran/venv/lib/python3.11/site-packages/sqlalchemy/engine/default.py", line 952, in do_execute
    cursor.execute(statement, parameters)
psycopg2.errors.UndefinedColumn: column "recipient_id" does not exist
LINE 1: UPDATE message SET recipient_id = 2 WHERE recipient_id = 3
                                                  ^


The above exception was the direct cause of the following exception:

Traceback (most recent call last):
  File "/mnt/c/Users/learn/Desktop/suqafuran/backend/cleanup_duplicates.py", line 34, in <module>
    session.execute(text("UPDATE message SET recipient_id = :k WHERE recipient_id = :d"), {"k": keep_id, "d": d_id})
  File "/mnt/c/Users/learn/Desktop/suqafuran/venv/lib/python3.11/site-packages/sqlmodel/orm/session.py", line 142, in execute
    return super().execute(
           ^^^^^^^^^^^^^^^^
  File "/mnt/c/Users/learn/Desktop/suqafuran/venv/lib/python3.11/site-packages/sqlalchemy/orm/session.py", line 2351, in execute
    return self._execute_internal(
           ^^^^^^^^^^^^^^^^^^^^^^^
  File "/mnt/c/Users/learn/Desktop/suqafuran/venv/lib/python3.11/site-packages/sqlalchemy/orm/session.py", line 2258, in _execute_internal
    result = conn.execute(
             ^^^^^^^^^^^^^
  File "/mnt/c/Users/learn/Desktop/suqafuran/venv/lib/python3.11/site-packages/sqlalchemy/engine/base.py", line 1419, in execute
    return meth(
           ^^^^^
  File "/mnt/c/Users/learn/Desktop/suqafuran/venv/lib/python3.11/site-packages/sqlalchemy/sql/elements.py", line 527, in _execute_on_connection
    return connection._execute_clauseelement(
           ^^^^^^^^^^^^^^^^^^^^^^^^^^^^^^^^^^
  File "/mnt/c/Users/learn/Desktop/suqafuran/venv/lib/python3.11/site-packages/sqlalchemy/engine/base.py", line 1641, in _execute_clauseelement
    ret = self._execute_context(
          ^^^^^^^^^^^^^^^^^^^^^^
  File "/mnt/c/Users/learn/Desktop/suqafuran/venv/lib/python3.11/site-packages/sqlalchemy/engine/base.py", line 1846, in _execute_context
    return self._exec_single_context(
           ^^^^^^^^^^^^^^^^^^^^^^^^^^
  File "/mnt/c/Users/learn/Desktop/suqafuran/venv/lib/python3.11/site-packages/sqlalchemy/engine/base.py", line 1986, in _exec_single_context
    self._handle_dbapi_exception(
  File "/mnt/c/Users/learn/Desktop/suqafuran/venv/lib/python3.11/site-packages/sqlalchemy/engine/base.py", line 2363, in _handle_dbapi_exception
    raise sqlalchemy_exception.with_traceback(exc_info[2]) from e
  File "/mnt/c/Users/learn/Desktop/suqafuran/venv/lib/python3.11/site-packages/sqlalchemy/engine/base.py", line 1967, in _exec_single_context
    self.dialect.do_execute(
  File "/mnt/c/Users/learn/Desktop/suqafuran/venv/lib/python3.11/site-packages/sqlalchemy/engine/default.py", line 952, in do_execute
    cursor.execute(statement, parameters)
sqlalchemy.exc.ProgrammingError: (psycopg2.errors.UndefinedColumn) column "recipient_id" does not exist
LINE 1: UPDATE message SET recipient_id = 2 WHERE recipient_id = 3
                                                  ^

[SQL: UPDATE message SET recipient_id = %(k)s WHERE recipient_id = %(d)s]
[parameters: {'k': 2, 'd': 3}]
(Background on this error at: https://sqlalche.me/e/20/f405)
