INFO  [alembic.runtime.migration] Context impl PostgresqlImpl.
INFO  [alembic.runtime.migration] Will assume transactional DDL.
INFO  [alembic.runtime.migration] Running upgrade 2504bfbfb243 -> 8f405ffe7fb5, default template
Traceback (most recent call last):
  File "/mnt/c/Users/learn/Desktop/suqafuran/venv/lib/python3.11/site-packages/sqlalchemy/engine/base.py", line 1967, in _exec_single_context
    self.dialect.do_execute(
  File "/mnt/c/Users/learn/Desktop/suqafuran/venv/lib/python3.11/site-packages/sqlalchemy/engine/default.py", line 952, in do_execute
    cursor.execute(statement, parameters)
psycopg2.errors.UndefinedObject: type "userverifiedlevel" does not exist
LINE 1: ALTER TABLE "user" ADD COLUMN verified_level userverifiedlev...
                                                     ^


The above exception was the direct cause of the following exception:

Traceback (most recent call last):
  File "<frozen runpy>", line 198, in _run_module_as_main
  File "<frozen runpy>", line 88, in _run_code
  File "/mnt/c/Users/learn/Desktop/suqafuran/venv/lib/python3.11/site-packages/alembic/__main__.py", line 4, in <module>
    main(prog="alembic")
  File "/mnt/c/Users/learn/Desktop/suqafuran/venv/lib/python3.11/site-packages/alembic/config.py", line 1033, in main
    CommandLine(prog=prog).main(argv=argv)
  File "/mnt/c/Users/learn/Desktop/suqafuran/venv/lib/python3.11/site-packages/alembic/config.py", line 1023, in main
    self.run_cmd(cfg, options)
  File "/mnt/c/Users/learn/Desktop/suqafuran/venv/lib/python3.11/site-packages/alembic/config.py", line 957, in run_cmd
    fn(
  File "/mnt/c/Users/learn/Desktop/suqafuran/venv/lib/python3.11/site-packages/alembic/command.py", line 483, in upgrade
    script.run_env()
  File "/mnt/c/Users/learn/Desktop/suqafuran/venv/lib/python3.11/site-packages/alembic/script/base.py", line 545, in run_env
    util.load_python_file(self.dir, "env.py")
  File "/mnt/c/Users/learn/Desktop/suqafuran/venv/lib/python3.11/site-packages/alembic/util/pyfiles.py", line 116, in load_python_file
    module = load_module_py(module_id, path)
             ^^^^^^^^^^^^^^^^^^^^^^^^^^^^^^^
  File "/mnt/c/Users/learn/Desktop/suqafuran/venv/lib/python3.11/site-packages/alembic/util/pyfiles.py", line 136, in load_module_py
    spec.loader.exec_module(module)  # type: ignore
    ^^^^^^^^^^^^^^^^^^^^^^^^^^^^^^^
  File "<frozen importlib._bootstrap_external>", line 940, in exec_module
  File "<frozen importlib._bootstrap>", line 241, in _call_with_frames_removed
  File "/mnt/c/Users/learn/Desktop/suqafuran/backend/alembic/env.py", line 86, in <module>
    run_migrations_online()
  File "/mnt/c/Users/learn/Desktop/suqafuran/backend/alembic/env.py", line 80, in run_migrations_online
    context.run_migrations()
  File "<string>", line 8, in run_migrations
  File "/mnt/c/Users/learn/Desktop/suqafuran/venv/lib/python3.11/site-packages/alembic/runtime/environment.py", line 946, in run_migrations
    self.get_context().run_migrations(**kw)
  File "/mnt/c/Users/learn/Desktop/suqafuran/venv/lib/python3.11/site-packages/alembic/runtime/migration.py", line 627, in run_migrations
    step.migration_fn(**kw)
  File "/mnt/c/Users/learn/Desktop/suqafuran/backend/alembic/versions/8f405ffe7fb5_mvp_pivot_phone_auth.py", line 93, in upgrade
    op.add_column('user', sa.Column('verified_level', sa.Enum('GUEST', 'PHONE', 'ID_VERIFIED', 'TRUSTED', name='userverifiedlevel'), nullable=False, server_default='guest'))
  File "<string>", line 8, in add_column
  File "<string>", line 3, in add_column
  File "/mnt/c/Users/learn/Desktop/suqafuran/venv/lib/python3.11/site-packages/alembic/operations/ops.py", line 2186, in add_column
    return operations.invoke(op)
           ^^^^^^^^^^^^^^^^^^^^^
  File "/mnt/c/Users/learn/Desktop/suqafuran/venv/lib/python3.11/site-packages/alembic/operations/base.py", line 454, in invoke
    return fn(self, operation)
           ^^^^^^^^^^^^^^^^^^^
  File "/mnt/c/Users/learn/Desktop/suqafuran/venv/lib/python3.11/site-packages/alembic/operations/toimpl.py", line 175, in add_column
    operations.impl.add_column(
  File "/mnt/c/Users/learn/Desktop/suqafuran/venv/lib/python3.11/site-packages/alembic/ddl/impl.py", line 378, in add_column
    self._exec(
  File "/mnt/c/Users/learn/Desktop/suqafuran/venv/lib/python3.11/site-packages/alembic/ddl/impl.py", line 246, in _exec
    return conn.execute(construct, params)
           ^^^^^^^^^^^^^^^^^^^^^^^^^^^^^^^
  File "/mnt/c/Users/learn/Desktop/suqafuran/venv/lib/python3.11/site-packages/sqlalchemy/engine/base.py", line 1419, in execute
    return meth(
           ^^^^^
  File "/mnt/c/Users/learn/Desktop/suqafuran/venv/lib/python3.11/site-packages/sqlalchemy/sql/ddl.py", line 187, in _execute_on_connection
    return connection._execute_ddl(
           ^^^^^^^^^^^^^^^^^^^^^^^^
  File "/mnt/c/Users/learn/Desktop/suqafuran/venv/lib/python3.11/site-packages/sqlalchemy/engine/base.py", line 1530, in _execute_ddl
    ret = self._execute_context(
          ^^^^^^^^^^^^^^^^^^^^^^
  File "/mnt/c/Users/learn/Desktop/suqafuran/venv/lib/python3.11/site-packages/sqlalchemy/engine/base.py", line 1846, in _execute_context
    return self._exec_single_context(
           ^^^^^^^^^^^^^^^^^^^^^^^^^^
  File "/mnt/c/Users/learn/Desktop/suqafuran/venv/lib/python3.11/site-packages/sqlalchemy/engine/base.py", line 1986, in _exec_single_context
    self._handle_dbapi_exception(
  File "/mnt/c/Users/learn/Desktop/suqafuran/venv/lib/python3.11/site-packages/sqlalchemy/engine/base.py", line 2363, in _handle_dbapi_exception
    raise sqlalchemy_exception.with_traceback(exc_info[2]) from e
  File "/mnt/c/Users/learn/Desktop/suqafuran/venv/lib/python3.11/site-packages/sqlalchemy/engine/base.py", line 1967, in _exec_single_context
    self.dialect.do_execute(
  File "/mnt/c/Users/learn/Desktop/suqafuran/venv/lib/python3.11/site-packages/sqlalchemy/engine/default.py", line 952, in do_execute
    cursor.execute(statement, parameters)
sqlalchemy.exc.ProgrammingError: (psycopg2.errors.UndefinedObject) type "userverifiedlevel" does not exist
LINE 1: ALTER TABLE "user" ADD COLUMN verified_level userverifiedlev...
                                                     ^

[SQL: ALTER TABLE "user" ADD COLUMN verified_level userverifiedlevel DEFAULT 'guest' NOT NULL]
(Background on this error at: https://sqlalche.me/e/20/f405)
